<?xml version="1.0" encoding="UTF-8"?>
<!-- Generated by org.testng.reporters.JUnitReportReporter -->
<testsuite skipped="0" hostname="SHRUTI-PC" name="shruti.MavenShruti.TestDemoMaven" tests="1" failures="0" timestamp="14 Nov 2018 07:25:49 GMT" time="0.045" errors="0">
  <testcase name="m1" time="0.045" classname="shruti.MavenShruti.TestDemoMaven"/>
</testsuite> <!-- shruti.MavenShruti.TestDemoMaven -->
