<?xml version="1.0" encoding="UTF-8"?>
<!-- Generated by org.testng.reporters.JUnitReportReporter -->
<testsuite skipped="0" hostname="SHRUTI-PC" name="shruti.MavenShruti.DriverDemo" tests="1" failures="0" timestamp="15 Nov 2018 05:59:32 GMT" time="22.677" errors="0">
  <testcase name="demo" time="22.677" classname="shruti.MavenShruti.DriverDemo"/>
</testsuite> <!-- shruti.MavenShruti.DriverDemo -->
