<?xml version="1.0" encoding="UTF-8"?>
<!-- Generated by org.testng.reporters.JUnitReportReporter -->
<testsuite skipped="0" hostname="SHRUTI-PC" name="shruti.MavenShruti.TestDemoMaven" tests="1" failures="0" timestamp="28 Dec 2018 07:31:57 GMT" time="0.028" errors="0">
  <testcase name="m1" time="0.028" classname="shruti.MavenShruti.TestDemoMaven"/>
</testsuite> <!-- shruti.MavenShruti.TestDemoMaven -->
